<?xml version="1.0" encoding="UTF-8"?>
<!-- Generated by org.testng.reporters.JUnitReportReporter -->
<testsuite hostname="HJD11439" name="Automation.OnlineShopping.AppTest" tests="1" failures="0" timestamp="21 Jan 2020 05:39:52 GMT" time="0.016" errors="0">
  <testcase name="shouldAnswerWithTrue" time="0.016" classname="Automation.OnlineShopping.AppTest"/>
</testsuite> <!-- Automation.OnlineShopping.AppTest -->
